[12:14:48] [ServerMain/INFO]: Environment: Environment[sessionHost=https://sessionserver.mojang.com, servicesHost=https://api.minecraftservices.com, name=PROD]
[12:14:51] [ServerMain/INFO]: Loaded 1290 recipes
[12:14:51] [ServerMain/INFO]: Loaded 1399 advancements
[12:14:52] [Server thread/INFO]: Starting minecraft server version 1.21.1
[12:14:52] [Server thread/INFO]: Loading properties
[12:14:52] [Server thread/INFO]: Default game type: SURVIVAL
[12:14:52] [Server thread/INFO]: Generating keypair
[12:14:52] [Server thread/INFO]: Starting Minecraft server on *:25565
[12:14:52] [Server thread/INFO]: Using epoll channel type
[12:14:52] [Server thread/WARN]: **** SERVER IS RUNNING IN OFFLINE/INSECURE MODE!
[12:14:52] [Server thread/WARN]: The server will make no attempt to authenticate usernames. Beware.
[12:14:52] [Server thread/WARN]: While this makes the game possible to play without internet access, it also opens up the ability for hackers to connect with any username they choose.
[12:14:52] [Server thread/WARN]: To change this, set "online-mode" to "true" in the server.properties file.
[12:14:52] [Server thread/INFO]: Preparing level "world"
[12:15:00] [Server thread/INFO]: Preparing start region for dimension minecraft:overworld
[12:15:01] [Worker-Main-1/INFO]: Preparing spawn area: 0%
[12:15:01] [Worker-Main-1/INFO]: Preparing spawn area: 0%
[12:15:01] [Server thread/INFO]: Time elapsed: 722 ms
[12:15:01] [Server thread/INFO]: Done (9.035s)! For help, type "help"
[12:15:21] [Server thread/INFO]: theHULK[/172.17.0.1:56096] logged in with entity id 51 at (175.30000001192093, 63.0, 7.300000011920929)
[12:15:21] [Server thread/INFO]: theHULK joined the game
[12:15:29] [Server thread/INFO]: theHULK lost connection: Disconnected
[12:15:29] [Server thread/INFO]: theHULK left the game
[12:15:36] [Server thread/INFO]: Stopping the server
[12:15:36] [Server thread/INFO]: Stopping server
[12:15:36] [Server thread/INFO]: Saving players
[12:15:36] [Server thread/INFO]: Saving worlds
[12:15:36] [Server thread/INFO]: Saving chunks for level 'ServerLevel[world]'/minecraft:overworld
[12:15:36] [Server thread/INFO]: Saving chunks for level 'ServerLevel[world]'/minecraft:the_nether
[12:15:36] [Server thread/INFO]: Saving chunks for level 'ServerLevel[world]'/minecraft:the_end
[12:15:36] [Server thread/INFO]: ThreadedAnvilChunkStorage (world): All chunks are saved
[12:15:36] [Server thread/INFO]: ThreadedAnvilChunkStorage (DIM-1): All chunks are saved
[12:15:36] [Server thread/INFO]: ThreadedAnvilChunkStorage (DIM1): All chunks are saved
[12:15:36] [Server thread/INFO]: ThreadedAnvilChunkStorage: All dimensions are saved
