[12:21:06] [ServerMain/INFO]: Environment: Environment[sessionHost=https://sessionserver.mojang.com, servicesHost=https://api.minecraftservices.com, name=PROD]
[12:21:09] [ServerMain/INFO]: Loaded 1290 recipes
[12:21:09] [ServerMain/INFO]: Loaded 1399 advancements
[12:21:10] [Server thread/INFO]: Starting minecraft server version 1.21.1
[12:21:10] [Server thread/INFO]: Loading properties
[12:21:10] [Server thread/INFO]: Default game type: SURVIVAL
[12:21:10] [Server thread/INFO]: Generating keypair
[12:21:10] [Server thread/INFO]: Starting Minecraft server on *:25565
[12:21:10] [Server thread/INFO]: Using epoll channel type
[12:21:10] [Server thread/WARN]: **** SERVER IS RUNNING IN OFFLINE/INSECURE MODE!
[12:21:10] [Server thread/WARN]: The server will make no attempt to authenticate usernames. Beware.
[12:21:10] [Server thread/WARN]: While this makes the game possible to play without internet access, it also opens up the ability for hackers to connect with any username they choose.
[12:21:10] [Server thread/WARN]: To change this, set "online-mode" to "true" in the server.properties file.
[12:21:10] [Server thread/INFO]: Preparing level "world"
[12:21:19] [Server thread/INFO]: Preparing start region for dimension minecraft:overworld
[12:21:19] [Worker-Main-1/INFO]: Preparing spawn area: 0%
[12:21:19] [Worker-Main-1/INFO]: Preparing spawn area: 0%
[12:21:20] [Server thread/INFO]: Time elapsed: 940 ms
[12:21:20] [Server thread/INFO]: Done (9.426s)! For help, type "help"
[12:21:46] [Server thread/INFO]: theHULK[/172.17.0.1:47848] logged in with entity id 20 at (19683.68776703718, 127.62070135960742, 10863.974408500462)
[12:21:46] [Server thread/INFO]: theHULK joined the game
[12:21:58] [Server thread/INFO]: theHULK lost connection: Disconnected
[12:21:58] [Server thread/INFO]: theHULK left the game
[12:22:12] [Server thread/INFO]: Stopping the server
[12:22:12] [Server thread/INFO]: Stopping server
[12:22:12] [Server thread/INFO]: Saving players
[12:22:12] [Server thread/INFO]: Saving worlds
[12:22:12] [Server thread/INFO]: Saving chunks for level 'ServerLevel[New World A4]'/minecraft:overworld
[12:22:12] [Server thread/INFO]: Saving chunks for level 'ServerLevel[New World A4]'/minecraft:the_end
[12:22:12] [Server thread/INFO]: Saving chunks for level 'ServerLevel[New World A4]'/minecraft:the_nether
[12:22:12] [Server thread/INFO]: ThreadedAnvilChunkStorage (world): All chunks are saved
[12:22:12] [Server thread/INFO]: ThreadedAnvilChunkStorage (DIM1): All chunks are saved
[12:22:12] [Server thread/INFO]: ThreadedAnvilChunkStorage (DIM-1): All chunks are saved
[12:22:12] [Server thread/INFO]: ThreadedAnvilChunkStorage: All dimensions are saved
